<?xml version="1.0" encoding="UTF-8"?>
<!-- Generated by org.testng.reporters.JUnitReportReporter -->
<testsuite hostname="VINAY" failures="0" tests="1" name="com.crm.Autodesk.SDET.PracticeTest" time="0.063" errors="0" timestamp="2021-11-11T16:52:53 IST" skipped="0">
  <testcase classname="com.crm.Autodesk.SDET.PracticeTest" name="practiceTest" time="0.063"/>
  <system-out/>
</testsuite> <!-- com.crm.Autodesk.SDET.PracticeTest -->
